<?xml version="1.0" encoding="UTF-8"?>
<testsuite name="com.project.demo.logic.entity.community_animal.CommunityAnimalServiceTest" tests="1" skipped="0" failures="0" errors="0" timestamp="2025-08-10T03:59:27" hostname="MacBook-Pro.local" time="0.006">
  <properties/>
  <testcase name="createCommunityAnimal_futureBirthDate_throwsIllegalArgument()" classname="com.project.demo.logic.entity.community_animal.CommunityAnimalServiceTest" time="0.006"/>
  <system-out><![CDATA[]]></system-out>
  <system-err><![CDATA[]]></system-err>
</testsuite>
