<?xml version="1.0" encoding="UTF-8"?>
<testsuite name="com.project.demo.logic.entity.community_animal.CommunityAnimalServiceOwnerByCardNotFoundTest" tests="1" skipped="0" failures="0" errors="0" timestamp="2025-08-10T03:59:27" hostname="MacBook-Pro.local" time="0.631">
  <properties/>
  <testcase name="whenOwnerIdentificationCardProvided_andNotFound_thenThrows()" classname="com.project.demo.logic.entity.community_animal.CommunityAnimalServiceOwnerByCardNotFoundTest" time="0.631"/>
  <system-out><![CDATA[]]></system-out>
  <system-err><![CDATA[WARNING: A Java agent has been loaded dynamically (/Users/gianluccajimenez/.gradle/caches/modules-2/files-2.1/net.bytebuddy/byte-buddy-agent/1.14.13/979ce25f7d3096a2e82214ba7dc972a05ce7a171/byte-buddy-agent-1.14.13.jar)
WARNING: If a serviceability tool is in use, please run with -XX:+EnableDynamicAgentLoading to hide this warning
WARNING: If a serviceability tool is not in use, please run with -Djdk.instrument.traceUsage for more information
WARNING: Dynamic loading of agents will be disallowed by default in a future release
]]></system-err>
</testsuite>
