<?xml version="1.0" encoding="UTF-8"?>
<testsuite name="com.project.demo.common.PaginationUtilsTest" tests="2" skipped="0" failures="0" errors="0" timestamp="2025-08-10T03:59:27" hostname="MacBook-Pro.local" time="0.037">
  <properties/>
  <testcase name="buildMeta_fillsNumbersAndUrl()" classname="com.project.demo.common.PaginationUtilsTest" time="0.036"/>
  <testcase name="buildPageable_translates1BasedTo0Based()" classname="com.project.demo.common.PaginationUtilsTest" time="0.0"/>
  <system-out><![CDATA[]]></system-out>
  <system-err><![CDATA[]]></system-err>
</testsuite>
