<?xml version="1.0" encoding="UTF-8"?>
<testsuite name="com.project.demo.logic.entity.community_animal.CommunityAnimalServiceSpeciesNotFoundTest" tests="1" skipped="0" failures="0" errors="0" timestamp="2025-08-10T03:59:27" hostname="MacBook-Pro.local" time="0.004">
  <properties/>
  <testcase name="whenSpeciesMissing_thenThrows()" classname="com.project.demo.logic.entity.community_animal.CommunityAnimalServiceSpeciesNotFoundTest" time="0.004"/>
  <system-out><![CDATA[]]></system-out>
  <system-err><![CDATA[]]></system-err>
</testsuite>
