<?xml version="1.0" encoding="UTF-8"?>
<testsuite name="com.project.demo.rest.community_animal.CommunityAnimalRestControllerTest" tests="3" skipped="0" failures="0" errors="0" timestamp="2025-08-10T03:59:28" hostname="MacBook-Pro.local" time="0.075">
  <properties/>
  <testcase name="createCommunityAnimal_created201()" classname="com.project.demo.rest.community_animal.CommunityAnimalRestControllerTest" time="0.066"/>
  <testcase name="createCommunityAnimal_badRequestOnIllegalArgument()" classname="com.project.demo.rest.community_animal.CommunityAnimalRestControllerTest" time="0.003"/>
  <testcase name="getMyAnimals_returns200()" classname="com.project.demo.rest.community_animal.CommunityAnimalRestControllerTest" time="0.004"/>
  <system-out><![CDATA[23:59:27.778 [Test worker] INFO org.springframework.test.context.support.AnnotationConfigContextLoaderUtils -- Could not detect default configuration classes for test class [com.project.demo.rest.community_animal.CommunityAnimalRestControllerTest]: CommunityAnimalRestControllerTest does not declare any static, non-private, non-final, nested classes annotated with @Configuration.
23:59:27.829 [Test worker] INFO org.springframework.boot.test.context.SpringBootTestContextBootstrapper -- Found @SpringBootConfiguration com.project.demo.DemoApplication for test class com.project.demo.rest.community_animal.CommunityAnimalRestControllerTest

  .   ____          _            __ _ _
 /\\ / ___'_ __ _ _(_)_ __  __ _ \ \ \ \
( ( )\___ | '_ | '_| | '_ \/ _` | \ \ \ \
 \\/  ___)| |_)| | | | | || (_| |  ) ) ) )
  '  |____| .__|_| |_|_| |_\__, | / / / /
 =========|_|==============|___/=/_/_/_/
 :: Spring Boot ::                (v3.2.5)

2025-08-09T23:59:27.960-04:00  INFO 71091 --- [demo] [    Test worker] .d.r.c.CommunityAnimalRestControllerTest : Starting CommunityAnimalRestControllerTest using Java 21.0.2 with PID 71091 (started by gianluccajimenez in /Users/gianluccajimenez/Desktop/GitHub/bienestar_animal_BE)
2025-08-09T23:59:27.960-04:00  INFO 71091 --- [demo] [    Test worker] .d.r.c.CommunityAnimalRestControllerTest : No active profile set, falling back to 1 default profile: "default"
2025-08-09T23:59:28.511-04:00  INFO 71091 --- [demo] [    Test worker] o.s.s.web.DefaultSecurityFilterChain     : Will secure any request with [org.springframework.security.web.session.DisableEncodeUrlFilter@e47637c, org.springframework.security.web.context.request.async.WebAsyncManagerIntegrationFilter@606f0f70, org.springframework.security.web.context.SecurityContextHolderFilter@15bcecf9, org.springframework.security.web.header.HeaderWriterFilter@6a261998, org.springframework.web.filter.CorsFilter@1a53ac0c, org.springframework.security.web.csrf.CsrfFilter@2c51c756, org.springframework.security.web.authentication.logout.LogoutFilter@71817f66, org.springframework.security.oauth2.client.web.OAuth2AuthorizationRequestRedirectFilter@52463255, org.springframework.security.oauth2.client.web.OAuth2AuthorizationRequestRedirectFilter@304e1e4e, org.springframework.security.oauth2.client.web.OAuth2LoginAuthenticationFilter@53f94afe, org.springframework.security.web.authentication.ui.DefaultLoginPageGeneratingFilter@44df834c, org.springframework.security.web.authentication.ui.DefaultLogoutPageGeneratingFilter@7fdf7359, org.springframework.security.web.savedrequest.RequestCacheAwareFilter@22ea6051, org.springframework.security.web.servletapi.SecurityContextHolderAwareRequestFilter@539bb233, org.springframework.security.web.authentication.AnonymousAuthenticationFilter@4a36a35d, org.springframework.security.oauth2.client.web.OAuth2AuthorizationCodeGrantFilter@2059c3ff, org.springframework.security.web.access.ExceptionTranslationFilter@4c6eaa65, org.springframework.security.web.access.intercept.AuthorizationFilter@a08e41b]
2025-08-09T23:59:28.539-04:00  INFO 71091 --- [demo] [    Test worker] o.s.b.t.m.w.SpringBootMockServletContext : Initializing Spring TestDispatcherServlet ''
2025-08-09T23:59:28.539-04:00  INFO 71091 --- [demo] [    Test worker] o.s.t.web.servlet.TestDispatcherServlet  : Initializing Servlet ''
2025-08-09T23:59:28.540-04:00  INFO 71091 --- [demo] [    Test worker] o.s.t.web.servlet.TestDispatcherServlet  : Completed initialization in 1 ms
2025-08-09T23:59:28.576-04:00  INFO 71091 --- [demo] [    Test worker] .d.r.c.CommunityAnimalRestControllerTest : Started CommunityAnimalRestControllerTest in 0.719 seconds (process running for 1.819)
2025-08-09T23:59:28.628-04:00  INFO 71091 --- [demo] [    Test worker] c.p.d.r.c.CommunityAnimalRestController  : Registrando nuevo animal comunitario...
2025-08-09T23:59:28.649-04:00  INFO 71091 --- [demo] [    Test worker] c.p.d.r.c.CommunityAnimalRestController  : Registrando nuevo animal comunitario...
]]></system-out>
  <system-err><![CDATA[]]></system-err>
</testsuite>
