<?xml version="1.0" encoding="UTF-8"?>
<testsuite name="com.project.demo.logic.entity.auth.JwtServiceTest" tests="2" skipped="0" failures="0" errors="0" timestamp="2025-08-10T03:59:27" hostname="MacBook-Pro.local" time="0.001">
  <properties/>
  <testcase name="getTokenFromHeader_returnsNullWhenHeaderInvalid()" classname="com.project.demo.logic.entity.auth.JwtServiceTest" time="0.001"/>
  <testcase name="getTokenFromHeader_extractsBearerToken()" classname="com.project.demo.logic.entity.auth.JwtServiceTest" time="0.0"/>
  <system-out><![CDATA[]]></system-out>
  <system-err><![CDATA[]]></system-err>
</testsuite>
